<?xml version="1.0" encoding="UTF-8"?>
<!-- Generated by org.testng.reporters.JUnitXMLReporter -->
<testsuite hostname="DESKTOP-OSIFBDV" ignored="0" name="Test" tests="3" failures="3" timestamp="2021-03-03T12:37:54 IST" time="74.914" errors="0">
  <testcase name="travelInsurance" time="29.93" classname="com.policybazaar.primary.Car_Insurance">
    <failure type="org.openqa.selenium.SessionNotCreatedException" message="session not created
from chrome not reachable
  (Session info: chrome=88.0.4324.190)
Build info: version: &amp;apos;3.141.59&amp;apos;, revision: &amp;apos;e82be7d358&amp;apos;, time: &amp;apos;2018-11-14T08:17:03&amp;apos;
System info: host: &amp;apos;DESKTOP-OSIFBDV&amp;apos;, ip: &amp;apos;192.168.0.200&amp;apos;, os.name: &amp;apos;Windows 10&amp;apos;, os.arch: &amp;apos;amd64&amp;apos;, os.version: &amp;apos;10.0&amp;apos;, java.version: &amp;apos;1.8.0_66&amp;apos;
Driver info: driver.version: ChromeDriver
remote stacktrace: Backtrace:
	Ordinal0 [0x006BC0C3+3326147]
	Ordinal0 [0x005A0851+2164817]
	Ordinal0 [0x00427140+618816]
	Ordinal0 [0x0041D404+578564]
	Ordinal0 [0x0041DACB+580299]
	Ordinal0 [0x0041ED35+585013]
	Ordinal0 [0x00419D61+564577]
	Ordinal0 [0x004282C0+623296]
	Ordinal0 [0x003C6BDD+224221]
	Ordinal0 [0x003C5CAC+220332]
	Ordinal0 [0x003C189B+202907]
	Ordinal0 [0x003A3DF4+81396]
	Ordinal0 [0x003A4DEE+85486]
	Ordinal0 [0x003A4D79+85369]
	Ordinal0 [0x005B85DC+2262492]
	GetHandleVerifier [0x00842874+1487204]
	GetHandleVerifier [0x008423CD+1486013]
	GetHandleVerifier [0x0084A368+1518680]
	GetHandleVerifier [0x00842F4E+1488958]
	Ordinal0 [0x005AED0D+2223373]
	Ordinal0 [0x005BA12B+2269483]
	Ordinal0 [0x005BA26F+2269807]
	Ordinal0 [0x005CECB8+2354360]
	BaseThreadInitThunk [0x7576FA29+25]
	RtlGetAppContainerNamedObjectPath [0x771376B4+228]
	RtlGetAppContainerNamedObjectPath [0x77137684+180]
">
      <![CDATA[org.openqa.selenium.SessionNotCreatedException: session not created
from chrome not reachable
  (Session info: chrome=88.0.4324.190)
Build info: version: '3.141.59', revision: 'e82be7d358', time: '2018-11-14T08:17:03'
System info: host: 'DESKTOP-OSIFBDV', ip: '192.168.0.200', os.name: 'Windows 10', os.arch: 'amd64', os.version: '10.0', java.version: '1.8.0_66'
Driver info: driver.version: ChromeDriver
remote stacktrace: Backtrace:
Ordinal0 [0x006BC0C3+3326147]
Ordinal0 [0x005A0851+2164817]
Ordinal0 [0x00427140+618816]
Ordinal0 [0x0041D404+578564]
Ordinal0 [0x0041DACB+580299]
Ordinal0 [0x0041ED35+585013]
Ordinal0 [0x00419D61+564577]
Ordinal0 [0x004282C0+623296]
Ordinal0 [0x003C6BDD+224221]
Ordinal0 [0x003C5CAC+220332]
Ordinal0 [0x003C189B+202907]
Ordinal0 [0x003A3DF4+81396]
Ordinal0 [0x003A4DEE+85486]
Ordinal0 [0x003A4D79+85369]
Ordinal0 [0x005B85DC+2262492]
GetHandleVerifier [0x00842874+1487204]
GetHandleVerifier [0x008423CD+1486013]
GetHandleVerifier [0x0084A368+1518680]
GetHandleVerifier [0x00842F4E+1488958]
Ordinal0 [0x005AED0D+2223373]
Ordinal0 [0x005BA12B+2269483]
Ordinal0 [0x005BA26F+2269807]
Ordinal0 [0x005CECB8+2354360]
BaseThreadInitThunk [0x7576FA29+25]
RtlGetAppContainerNamedObjectPath [0x771376B4+228]
RtlGetAppContainerNamedObjectPath [0x77137684+180]

at org.openqa.selenium.remote.W3CHandshakeResponse.lambda$errorHandler$0(W3CHandshakeResponse.java:62)
at org.openqa.selenium.remote.HandshakeResponse.lambda$getResponseFunction$0(HandshakeResponse.java:30)
at org.openqa.selenium.remote.ProtocolHandshake.lambda$createSession$0(ProtocolHandshake.java:126)
at java.util.stream.ReferencePipeline$3$1.accept(Unknown Source)
at java.util.Spliterators$ArraySpliterator.tryAdvance(Unknown Source)
at java.util.stream.ReferencePipeline.forEachWithCancel(Unknown Source)
at java.util.stream.AbstractPipeline.copyIntoWithCancel(Unknown Source)
at java.util.stream.AbstractPipeline.copyInto(Unknown Source)
at java.util.stream.AbstractPipeline.wrapAndCopyInto(Unknown Source)
at java.util.stream.FindOps$FindOp.evaluateSequential(Unknown Source)
at java.util.stream.AbstractPipeline.evaluate(Unknown Source)
at java.util.stream.ReferencePipeline.findFirst(Unknown Source)
at org.openqa.selenium.remote.ProtocolHandshake.createSession(ProtocolHandshake.java:128)
at org.openqa.selenium.remote.ProtocolHandshake.createSession(ProtocolHandshake.java:74)
at org.openqa.selenium.remote.HttpCommandExecutor.execute(HttpCommandExecutor.java:136)
at org.openqa.selenium.remote.service.DriverCommandExecutor.execute(DriverCommandExecutor.java:83)
at org.openqa.selenium.remote.RemoteWebDriver.execute(RemoteWebDriver.java:552)
at org.openqa.selenium.remote.RemoteWebDriver.startSession(RemoteWebDriver.java:213)
at org.openqa.selenium.remote.RemoteWebDriver.<init>(RemoteWebDriver.java:131)
at org.openqa.selenium.chrome.ChromeDriver.<init>(ChromeDriver.java:181)
at org.openqa.selenium.chrome.ChromeDriver.<init>(ChromeDriver.java:168)
at org.openqa.selenium.chrome.ChromeDriver.<init>(ChromeDriver.java:123)
at com.policybazaar.secondary.ChromeDriverSetup.getWebDriver(ChromeDriverSetup.java:11)
at com.policybazaar.browser.Setup.createWebDriver(Setup.java:28)
at com.policybazaar.secondary.Home_Page.setup(Home_Page.java:16)
at com.policybazaar.primary.Car_Insurance.travelInsurance(Car_Insurance.java:43)
at java.util.ArrayList.forEach(Unknown Source)
... Removed 31 stack frames]]>
    </failure>
  </testcase> <!-- travelInsurance -->
  <testcase name="healthInsurance" time="26.099" classname="com.policybazaar.primary.Health_Insurance">
    <failure type="org.openqa.selenium.SessionNotCreatedException" message="session not created
from chrome not reachable
  (Session info: chrome=88.0.4324.190)
Build info: version: &amp;apos;3.141.59&amp;apos;, revision: &amp;apos;e82be7d358&amp;apos;, time: &amp;apos;2018-11-14T08:17:03&amp;apos;
System info: host: &amp;apos;DESKTOP-OSIFBDV&amp;apos;, ip: &amp;apos;192.168.0.200&amp;apos;, os.name: &amp;apos;Windows 10&amp;apos;, os.arch: &amp;apos;amd64&amp;apos;, os.version: &amp;apos;10.0&amp;apos;, java.version: &amp;apos;1.8.0_66&amp;apos;
Driver info: driver.version: ChromeDriver
remote stacktrace: Backtrace:
	Ordinal0 [0x006BC0C3+3326147]
	Ordinal0 [0x005A0851+2164817]
	Ordinal0 [0x00427140+618816]
	Ordinal0 [0x0041D404+578564]
	Ordinal0 [0x0041DACB+580299]
	Ordinal0 [0x0041ED35+585013]
	Ordinal0 [0x00419D61+564577]
	Ordinal0 [0x004282C0+623296]
	Ordinal0 [0x003C6BDD+224221]
	Ordinal0 [0x003C5CAC+220332]
	Ordinal0 [0x003C189B+202907]
	Ordinal0 [0x003A3DF4+81396]
	Ordinal0 [0x003A4DEE+85486]
	Ordinal0 [0x003A4D79+85369]
	Ordinal0 [0x005B85DC+2262492]
	GetHandleVerifier [0x00842874+1487204]
	GetHandleVerifier [0x008423CD+1486013]
	GetHandleVerifier [0x0084A368+1518680]
	GetHandleVerifier [0x00842F4E+1488958]
	Ordinal0 [0x005AED0D+2223373]
	Ordinal0 [0x005BA12B+2269483]
	Ordinal0 [0x005BA26F+2269807]
	Ordinal0 [0x005CECB8+2354360]
	BaseThreadInitThunk [0x7576FA29+25]
	RtlGetAppContainerNamedObjectPath [0x771376B4+228]
	RtlGetAppContainerNamedObjectPath [0x77137684+180]
">
      <![CDATA[org.openqa.selenium.SessionNotCreatedException: session not created
from chrome not reachable
  (Session info: chrome=88.0.4324.190)
Build info: version: '3.141.59', revision: 'e82be7d358', time: '2018-11-14T08:17:03'
System info: host: 'DESKTOP-OSIFBDV', ip: '192.168.0.200', os.name: 'Windows 10', os.arch: 'amd64', os.version: '10.0', java.version: '1.8.0_66'
Driver info: driver.version: ChromeDriver
remote stacktrace: Backtrace:
Ordinal0 [0x006BC0C3+3326147]
Ordinal0 [0x005A0851+2164817]
Ordinal0 [0x00427140+618816]
Ordinal0 [0x0041D404+578564]
Ordinal0 [0x0041DACB+580299]
Ordinal0 [0x0041ED35+585013]
Ordinal0 [0x00419D61+564577]
Ordinal0 [0x004282C0+623296]
Ordinal0 [0x003C6BDD+224221]
Ordinal0 [0x003C5CAC+220332]
Ordinal0 [0x003C189B+202907]
Ordinal0 [0x003A3DF4+81396]
Ordinal0 [0x003A4DEE+85486]
Ordinal0 [0x003A4D79+85369]
Ordinal0 [0x005B85DC+2262492]
GetHandleVerifier [0x00842874+1487204]
GetHandleVerifier [0x008423CD+1486013]
GetHandleVerifier [0x0084A368+1518680]
GetHandleVerifier [0x00842F4E+1488958]
Ordinal0 [0x005AED0D+2223373]
Ordinal0 [0x005BA12B+2269483]
Ordinal0 [0x005BA26F+2269807]
Ordinal0 [0x005CECB8+2354360]
BaseThreadInitThunk [0x7576FA29+25]
RtlGetAppContainerNamedObjectPath [0x771376B4+228]
RtlGetAppContainerNamedObjectPath [0x77137684+180]

at org.openqa.selenium.remote.W3CHandshakeResponse.lambda$errorHandler$0(W3CHandshakeResponse.java:62)
at org.openqa.selenium.remote.HandshakeResponse.lambda$getResponseFunction$0(HandshakeResponse.java:30)
at org.openqa.selenium.remote.ProtocolHandshake.lambda$createSession$0(ProtocolHandshake.java:126)
at java.util.stream.ReferencePipeline$3$1.accept(Unknown Source)
at java.util.Spliterators$ArraySpliterator.tryAdvance(Unknown Source)
at java.util.stream.ReferencePipeline.forEachWithCancel(Unknown Source)
at java.util.stream.AbstractPipeline.copyIntoWithCancel(Unknown Source)
at java.util.stream.AbstractPipeline.copyInto(Unknown Source)
at java.util.stream.AbstractPipeline.wrapAndCopyInto(Unknown Source)
at java.util.stream.FindOps$FindOp.evaluateSequential(Unknown Source)
at java.util.stream.AbstractPipeline.evaluate(Unknown Source)
at java.util.stream.ReferencePipeline.findFirst(Unknown Source)
at org.openqa.selenium.remote.ProtocolHandshake.createSession(ProtocolHandshake.java:128)
at org.openqa.selenium.remote.ProtocolHandshake.createSession(ProtocolHandshake.java:74)
at org.openqa.selenium.remote.HttpCommandExecutor.execute(HttpCommandExecutor.java:136)
at org.openqa.selenium.remote.service.DriverCommandExecutor.execute(DriverCommandExecutor.java:83)
at org.openqa.selenium.remote.RemoteWebDriver.execute(RemoteWebDriver.java:552)
at org.openqa.selenium.remote.RemoteWebDriver.startSession(RemoteWebDriver.java:213)
at org.openqa.selenium.remote.RemoteWebDriver.<init>(RemoteWebDriver.java:131)
at org.openqa.selenium.chrome.ChromeDriver.<init>(ChromeDriver.java:181)
at org.openqa.selenium.chrome.ChromeDriver.<init>(ChromeDriver.java:168)
at org.openqa.selenium.chrome.ChromeDriver.<init>(ChromeDriver.java:123)
at com.policybazaar.secondary.ChromeDriverSetup.getWebDriver(ChromeDriverSetup.java:11)
at com.policybazaar.browser.Setup.createWebDriver(Setup.java:28)
at com.policybazaar.secondary.Home_Page.setup(Home_Page.java:16)
at com.policybazaar.primary.Health_Insurance.healthInsurance(Health_Insurance.java:48)
at java.util.ArrayList.forEach(Unknown Source)
... Removed 31 stack frames]]>
    </failure>
  </testcase> <!-- healthInsurance -->
  <testcase name="travelInsurance" time="18.731" classname="com.policybazaar.primary.Travel_Insurance">
    <failure type="org.openqa.selenium.SessionNotCreatedException" message="session not created
from chrome not reachable
  (Session info: chrome=88.0.4324.190)
Build info: version: &amp;apos;3.141.59&amp;apos;, revision: &amp;apos;e82be7d358&amp;apos;, time: &amp;apos;2018-11-14T08:17:03&amp;apos;
System info: host: &amp;apos;DESKTOP-OSIFBDV&amp;apos;, ip: &amp;apos;192.168.0.200&amp;apos;, os.name: &amp;apos;Windows 10&amp;apos;, os.arch: &amp;apos;amd64&amp;apos;, os.version: &amp;apos;10.0&amp;apos;, java.version: &amp;apos;1.8.0_66&amp;apos;
Driver info: driver.version: ChromeDriver
remote stacktrace: Backtrace:
	Ordinal0 [0x006BC0C3+3326147]
	Ordinal0 [0x005A0851+2164817]
	Ordinal0 [0x00427140+618816]
	Ordinal0 [0x0041D404+578564]
	Ordinal0 [0x0041DACB+580299]
	Ordinal0 [0x0041ED35+585013]
	Ordinal0 [0x00419D61+564577]
	Ordinal0 [0x004282C0+623296]
	Ordinal0 [0x003C6BDD+224221]
	Ordinal0 [0x003C5CAC+220332]
	Ordinal0 [0x003C189B+202907]
	Ordinal0 [0x003A3DF4+81396]
	Ordinal0 [0x003A4DEE+85486]
	Ordinal0 [0x003A4D79+85369]
	Ordinal0 [0x005B85DC+2262492]
	GetHandleVerifier [0x00842874+1487204]
	GetHandleVerifier [0x008423CD+1486013]
	GetHandleVerifier [0x0084A368+1518680]
	GetHandleVerifier [0x00842F4E+1488958]
	Ordinal0 [0x005AED0D+2223373]
	Ordinal0 [0x005BA12B+2269483]
	Ordinal0 [0x005BA26F+2269807]
	Ordinal0 [0x005CECB8+2354360]
	BaseThreadInitThunk [0x7576FA29+25]
	RtlGetAppContainerNamedObjectPath [0x771376B4+228]
	RtlGetAppContainerNamedObjectPath [0x77137684+180]
">
      <![CDATA[org.openqa.selenium.SessionNotCreatedException: session not created
from chrome not reachable
  (Session info: chrome=88.0.4324.190)
Build info: version: '3.141.59', revision: 'e82be7d358', time: '2018-11-14T08:17:03'
System info: host: 'DESKTOP-OSIFBDV', ip: '192.168.0.200', os.name: 'Windows 10', os.arch: 'amd64', os.version: '10.0', java.version: '1.8.0_66'
Driver info: driver.version: ChromeDriver
remote stacktrace: Backtrace:
Ordinal0 [0x006BC0C3+3326147]
Ordinal0 [0x005A0851+2164817]
Ordinal0 [0x00427140+618816]
Ordinal0 [0x0041D404+578564]
Ordinal0 [0x0041DACB+580299]
Ordinal0 [0x0041ED35+585013]
Ordinal0 [0x00419D61+564577]
Ordinal0 [0x004282C0+623296]
Ordinal0 [0x003C6BDD+224221]
Ordinal0 [0x003C5CAC+220332]
Ordinal0 [0x003C189B+202907]
Ordinal0 [0x003A3DF4+81396]
Ordinal0 [0x003A4DEE+85486]
Ordinal0 [0x003A4D79+85369]
Ordinal0 [0x005B85DC+2262492]
GetHandleVerifier [0x00842874+1487204]
GetHandleVerifier [0x008423CD+1486013]
GetHandleVerifier [0x0084A368+1518680]
GetHandleVerifier [0x00842F4E+1488958]
Ordinal0 [0x005AED0D+2223373]
Ordinal0 [0x005BA12B+2269483]
Ordinal0 [0x005BA26F+2269807]
Ordinal0 [0x005CECB8+2354360]
BaseThreadInitThunk [0x7576FA29+25]
RtlGetAppContainerNamedObjectPath [0x771376B4+228]
RtlGetAppContainerNamedObjectPath [0x77137684+180]

at org.openqa.selenium.remote.W3CHandshakeResponse.lambda$errorHandler$0(W3CHandshakeResponse.java:62)
at org.openqa.selenium.remote.HandshakeResponse.lambda$getResponseFunction$0(HandshakeResponse.java:30)
at org.openqa.selenium.remote.ProtocolHandshake.lambda$createSession$0(ProtocolHandshake.java:126)
at java.util.stream.ReferencePipeline$3$1.accept(Unknown Source)
at java.util.Spliterators$ArraySpliterator.tryAdvance(Unknown Source)
at java.util.stream.ReferencePipeline.forEachWithCancel(Unknown Source)
at java.util.stream.AbstractPipeline.copyIntoWithCancel(Unknown Source)
at java.util.stream.AbstractPipeline.copyInto(Unknown Source)
at java.util.stream.AbstractPipeline.wrapAndCopyInto(Unknown Source)
at java.util.stream.FindOps$FindOp.evaluateSequential(Unknown Source)
at java.util.stream.AbstractPipeline.evaluate(Unknown Source)
at java.util.stream.ReferencePipeline.findFirst(Unknown Source)
at org.openqa.selenium.remote.ProtocolHandshake.createSession(ProtocolHandshake.java:128)
at org.openqa.selenium.remote.ProtocolHandshake.createSession(ProtocolHandshake.java:74)
at org.openqa.selenium.remote.HttpCommandExecutor.execute(HttpCommandExecutor.java:136)
at org.openqa.selenium.remote.service.DriverCommandExecutor.execute(DriverCommandExecutor.java:83)
at org.openqa.selenium.remote.RemoteWebDriver.execute(RemoteWebDriver.java:552)
at org.openqa.selenium.remote.RemoteWebDriver.startSession(RemoteWebDriver.java:213)
at org.openqa.selenium.remote.RemoteWebDriver.<init>(RemoteWebDriver.java:131)
at org.openqa.selenium.chrome.ChromeDriver.<init>(ChromeDriver.java:181)
at org.openqa.selenium.chrome.ChromeDriver.<init>(ChromeDriver.java:168)
at org.openqa.selenium.chrome.ChromeDriver.<init>(ChromeDriver.java:123)
at com.policybazaar.secondary.ChromeDriverSetup.getWebDriver(ChromeDriverSetup.java:11)
at com.policybazaar.browser.Setup.createWebDriver(Setup.java:28)
at com.policybazaar.secondary.Home_Page.setup(Home_Page.java:16)
at com.policybazaar.primary.Travel_Insurance.travelInsurance(Travel_Insurance.java:50)
at java.util.ArrayList.forEach(Unknown Source)
... Removed 31 stack frames]]>
    </failure>
  </testcase> <!-- travelInsurance -->
</testsuite> <!-- Test -->
